"KeyBindings"
{
	"Name"		"ARROW"
	"Version"		"12"
	"AlgorithmicUpdateVersion"		"8"
	"UseHeroBindings"		"0"
	"LinkPlayerToSpectator"		"1"
	"Keys"
	{
		"CameraUp"
		{
			"Mode"		"0"
			"Key"		"W"
			"Modifier"		"ALT"
		}
		"CameraDown"
		{
			"Mode"		"0"
			"Key"		"S"
			"Modifier"		"ALT"
		}
		"CameraLeft"
		{
			"Mode"		"0"
			"Key"		"A"
			"Modifier"		"ALT"
		}
		"CameraRight"
		{
			"Mode"		"0"
			"Key"		"D"
			"Modifier"		"ALT"
		}
		"ScoreboardToggle"
		{
			"Key"		"T"
			"Mode"		"0"
		}
		"ChatTeam"
		{
			"Key"		"ENTER"
		}
		"ChatTeam2"
		{
			"Key"		"KP_ENTER"
		}
		"ChatVoiceTeam"
		{
			"Mode"		"0"
		}
		"ChatWheel"
		{
			"Key"		"Y"
			"Mode"		"0"
		}
		"HeroChatWheel"
		{
			"Mode"		"0"
			"Key"		"I"
		}
		"HeroAttack"
		{
			"Key"		"A"
			"Mode"		"0"
		}
		"HeroMove"
		{
			"Mode"		"0"
		}
		"HeroStop"
		{
			"Mode"		"0"
		}
		"HeroHold"
		{
			"Key"		"F"
			"Mode"		"0"
		}
		"HeroSelect"
		{
			"Key"		"1"
			"Mode"		"0"
		}
		"CourierSelect"
		{
			"Key"		"`"
			"Mode"		"0"
		}
		"CourierDeliver"
		{
			"Key"		"`"
			"Mode"		"0"
			"Modifier"		"ALT"
		}
		"ControlGroup3"
		{
			"Key"		"3"
			"Mode"		"0"
		}
		"ControlGroup4"
		{
			"Mode"		"0"
			"Key"		"3"
			"Modifier"		"ALT"
		}
		"ControlGroup5"
		{
			"Mode"		"0"
			"Key"		"4"
		}
		"ControlGroup6"
		{
			"Mode"		"0"
			"Key"		"4"
			"Modifier"		"ALT"
		}
		"ControlGroup7"
		{
			"Mode"		"0"
			"Key"		"5"
		}
		"ControlGroup8"
		{
			"Mode"		"0"
			"Key"		"5"
			"Modifier"		"ALT"
		}
		"ControlGroup9"
		{
			"Mode"		"0"
		}
		"ControlGroupCycle"
		{
			"Key"		"TAB"
			"Mode"		"0"
		}
		"AbilityPrimary1"
		{
			"Mode"		"0"
		}
		"AbilityPrimary2"
		{
			"Mode"		"0"
		}
		"AbilityPrimary3"
		{
			"Mode"		"0"
		}
		"AbilitySecondary1"
		{
			"Mode"		"0"
		}
		"AbilitySecondary2"
		{
			"Mode"		"0"
		}
		"AbilityUltimate"
		{
			"Mode"		"0"
		}
		"Inventory1"
		{
			"Mode"		"2"
		}
		"Inventory2"
		{
			"Mode"		"2"
		}
		"Inventory3"
		{
			"Mode"		"2"
		}
		"Inventory4"
		{
			"Mode"		"0"
		}
		"Inventory5"
		{
			"Mode"		"0"
		}
		"Inventory6"
		{
			"Mode"		"0"
		}
		"InventoryTP"
		{
			"Mode"		"0"
			"Key"		"V"
			"Modifier"		"ALT"
		}
		"PurchaseQuickbuy"
		{
			"Mode"		"0"
			"Key"		"F10"
		}
		"Pause"
		{
			"Key"		"P"
			"Mode"		"0"
		}
		"Escape"
		{
			"Key"		"ESCAPE"
		}
		"SpectatorCameraUp"
		{
			"Mode"		"0"
			"Key"		"w"
			"Modifier"		"ALT"
		}
		"SpectatorCameraDown"
		{
			"Key"		"s"
			"Modifier"		"ALT"
			"Mode"		"0"
		}
		"SpectatorCameraLeft"
		{
			"Key"		"a"
			"Modifier"		"ALT"
			"Mode"		"0"
		}
		"SpectatorCameraRight"
		{
			"Key"		"d"
			"Modifier"		"ALT"
			"Mode"		"0"
		}
		"SpectatorIncreaseReplaySpeed"
		{
			"Key"		"="
		}
		"SpectatorDecreaseReplaySpeed"
		{
			"Key"		"-"
		}
		"SpectatorChat"
		{
			"Key"		"ENTER"
			"Modifier"		"SHIFT"
			"Mode"		"0"
		}
		"SpectatorScoreboard"
		{
			"Key"		"t"
			"Modifier"		"None"
			"Mode"		"0"
		}
		"SpectatorStatsHarvest"
		{
			"Key"		"F4"
		}
		"SpectatorDropdown_KDA"
		{
			"Key"		"q"
		}
		"SpectatorDropdown_Level"
		{
			"Key"		"e"
		}
		"SpectatorDropdown_XP_Per_Min"
		{
			"Key"		"r"
		}
		"SpectatorDropdown_NetWorth"
		{
			"Key"		"y"
		}
		"SpectatorDropdown_Gold_Per_Min"
		{
			"Key"		"u"
			"PanelParent"		"page2"
		}
		"SpectatorDropdown_Buyback"
		{
			"Key"		"i"
		}
		"SpectatorCameraFocusPlayer2"
		{
			"Key"		"2"
		}
		"SpectatorCameraFocusPlayer3"
		{
			"Key"		"3"
		}
		"SpectatorCameraFocusPlayer4"
		{
			"Key"		"4"
		}
		"SpectatorCameraFocusPlayer5"
		{
			"Key"		"5"
		}
		"SpectatorCameraFocusPlayer6"
		{
			"Key"		"6"
		}
		"SpectatorCameraFocusPlayer7"
		{
			"Key"		"7"
		}
		"SpectatorCameraFocusPlayer8"
		{
			"Key"		"8"
		}
		"SpectatorCameraFocusPlayer9"
		{
			"Key"		"9"
		}
		"SpectatorCameraFocusPlayer10"
		{
			"Key"		"0"
		}
		"ShopTabConsumables"
		{
			"Key"		"q"
			"Mode"		"-1"
		}
		"ShopTabAttributes"
		{
			"Key"		"w"
			"Mode"		"-1"
		}
		"ShopTabArmaments"
		{
			"Key"		"e"
			"Mode"		"-1"
		}
		"ShopTabArcane"
		{
			"Key"		"r"
			"Mode"		"-1"
		}
		"ShopTabBasics"
		{
			"Key"		"a"
			"Mode"		"-1"
		}
		"ShopTabSupport"
		{
			"Key"		"s"
			"Mode"		"-1"
		}
		"ShopTabCaster"
		{
			"Key"		"d"
			"Mode"		"-1"
		}
		"ShopTabWeapons"
		{
			"Key"		"g"
			"Mode"		"-1"
		}
		"ShopTabArmor"
		{
			"Key"		"f"
			"Mode"		"-1"
		}
		"ShopTabArtifacts"
		{
			"Key"		"h"
			"Mode"		"-1"
		}
		"ShopTabSidePage1"
		{
			"Key"		"z"
			"Mode"		"-1"
		}
		"ShopTabSidePage2"
		{
			"Key"		"x"
			"Mode"		"-1"
		}
		"ShopTabSecret"
		{
			"Key"		"c"
			"Mode"		"-1"
		}
		"ShopTabSearchBox"
		{
			"Key"		"v"
			"Mode"		"-1"
		}
		"ShopSlot1"
		{
			"Key"		"1"
			"Mode"		"-1"
		}
		"ShopSlot2"
		{
			"Key"		"2"
			"Mode"		"-1"
		}
		"ShopSlot3"
		{
			"Key"		"3"
			"Mode"		"-1"
		}
		"ShopSlot4"
		{
			"Key"		"4"
			"Mode"		"-1"
		}
		"ShopSlot5"
		{
			"Key"		"5"
			"Mode"		"-1"
		}
		"ShopSlot6"
		{
			"Key"		"6"
			"Mode"		"-1"
		}
		"ShopSlot7"
		{
			"Key"		"7"
			"Mode"		"-1"
		}
		"ShopSlot8"
		{
			"Key"		"8"
			"Mode"		"-1"
		}
		"ShopSlot9"
		{
			"Key"		"9"
			"Mode"		"-1"
		}
		"ShopSlot10"
		{
			"Key"		"0"
			"Mode"		"-1"
		}
		"ShopSlot11"
		{
			"Key"		"-"
			"Mode"		"-1"
		}
		"ShopSlot12"
		{
			"Key"		"="
			"Mode"		"-1"
		}
		"ShopSlot13"
		{
			"Key"		"["
			"Mode"		"-1"
		}
		"ShopSlot14"
		{
			"Key"		"]"
			"Mode"		"-1"
		}
		"ChatGlobal"
		{
			"Key"		"ENTER"
			"Modifier"		"SHIFT"
			"Mode"		"0"
		}
		"ChatGlobal2"
		{
			"Key"		"KP_ENTER"
			"Modifier"		"SHIFT"
			"Mode"		"0"
		}
		"AbilityPrimary1AutoCast"
		{
			"Mode"		"0"
		}
		"AbilityPrimary2AutoCast"
		{
			"Mode"		"0"
		}
		"AbilityPrimary3AutoCast"
		{
			"Mode"		"0"
		}
		"AbilitySecondary1AutoCast"
		{
			"Mode"		"0"
		}
		"AbilitySecondary2AutoCast"
		{
			"Mode"		"0"
		}
		"AbilityUltimateAutoCast"
		{
			"Mode"		"0"
		}
		"Inventory1AutoCast"
		{
			"Mode"		"0"
		}
		"Inventory2AutoCast"
		{
			"Mode"		"0"
		}
		"Inventory3AutoCast"
		{
			"Mode"		"0"
		}
		"Inventory4AutoCast"
		{
			"Mode"		"0"
		}
		"Inventory5AutoCast"
		{
			"Mode"		"0"
		}
		"Inventory6AutoCast"
		{
			"Mode"		"0"
		}
		"InventoryTPAutoCast"
		{
			"Mode"		"0"
		}
		"SpectatorCameraGrip"
		{
			"Key"		"F10"
			"Modifier"		"None"
			"Mode"		"0"
		}
		"SpectatorHeroSelect"
		{
			"Key"		"1"
			"Modifier"		"None"
			"Mode"		"0"
		}
		"SpectatorPause"
		{
			"Key"		"p"
			"Modifier"		"None"
			"Mode"		"0"
		}
		"SpectatorFOWBoth"
		{
			"Mode"		"0"
		}
		"SelectAll"
		{
			"Key"		"ALT"
			"Mode"		"0"
		}
		"InventoryNeutral"
		{
			"Mode"		"-1"
		}
		"SelectAllOthers"
		{
			"Mode"		"0"
			"Key"		"1"
			"Modifier"		"ALT"
		}
		"CameraZoomIn"
		{
			"Mode"		"0"
		}
		"CameraZoomOut"
		{
			"Mode"		"0"
		}
		"CameraGrip"
		{
			"Mode"		"0"
		}
		"InventoryNeutralAutoCast"
		{
			"Mode"		"0"
		}
		"RecentEvent"
		{
			"Mode"		"0"
		}
		"CameraSavedPosition1"
		{
			"Mode"		"0"
			"Key"		"F1"
		}
		"SpectatorCameraSavedPosition1"
		{
			"Key"		"F1"
			"Modifier"		"None"
			"Mode"		"0"
		}
		"ControlGroup2"
		{
			"Mode"		"0"
			"Key"		"2"
			"Modifier"		"ALT"
		}
		"SpectatorDropdown_Sort"
		{
			"Mode"		"0"
		}
		"SpectatorDropdown_Close"
		{
			"Key"		"a"
			"Mode"		"0"
		}
		"TalentUpgradeStatLeft"
		{
			"Mode"		"0"
			"Key"		"F12"
		}
		"TalentUpgradeStatRight"
		{
			"Mode"		"0"
			"Key"		"F13"
		}
		"TalentUpgradeAttribute"
		{
			"Mode"		"0"
		}
		"ControlGroup1"
		{
			"Key"		"2"
			"Mode"		"-1"
		}
		"CourierBurst"
		{
			"Mode"		"-1"
		}
		"CourierShield"
		{
			"Mode"		"-1"
		}
		"OverlayMapToggle"
		{
			"Key"		"MWHEELDOWN"
			"Mode"		"-1"
		}
		"FilterAlly"
		{
			"Key"		"MOUSE4"
			"Mode"		"-1"
		}
		"FilterEnemy"
		{
			"Key"		"MOUSE5"
			"Mode"		"-1"
		}
		"ControlGroup10"
		{
			"Mode"		"-1"
		}
		"PurchaseSticky"
		{
			"Mode"		"-1"
		}
		"ShopToggle"
		{
			"Key"		"F11"
			"Mode"		"-1"
		}
		"HeroMoveDirection"
		{
			"Key"		"MOUSE3"
			"Mode"		"-1"
		}
		"DotaAlternativeCastSwitch"
		{
			"Key"		"F9"
			"Mode"		"-1"
		}
		"ScreenshotSettings"
		{
			"Mode"		"-1"
		}
		"LearnAbilities"
		{
			"Mode"		"-1"
		}
		"LearnStats"
		{
			"Key"		"MWHEELUP"
			"Mode"		"-1"
		}
		"ActivateGlyph"
		{
			"Mode"		"-1"
		}
		"ActivateRadar"
		{
			"Mode"		"-1"
		}
		"ChatWheel2"
		{
			"Key"		"U"
			"Mode"		"-1"
		}
		"DotaAlt"
		{
			"Key"		"SPACE"
			"Mode"		"-1"
		}
		"ControlGroupCyclePrev"
		{
			"Mode"		"-1"
		}
		"CameraSavedPosition2"
		{
			"Mode"		"-1"
		}
		"SpectatorCameraSavedPosition2"
		{
			"Key"		"F1"
			"Modifier"		"ALT"
			"Mode"		"-1"
		}
		"CameraSavedPosition3"
		{
			"Key"		"F2"
			"Mode"		"-1"
		}
		"SpectatorCameraSavedPosition3"
		{
			"Key"		"F2"
			"Modifier"		"None"
			"Mode"		"-1"
		}
		"CameraSavedPosition4"
		{
			"Mode"		"-1"
		}
		"SpectatorCameraSavedPosition4"
		{
			"Key"		"F2"
			"Modifier"		"ALT"
			"Mode"		"-1"
		}
		"Console"
		{
			"Key"		"\"
			"Mode"		"-1"
		}
		"InspectHeroInWorld"
		{
			"Mode"		"-1"
		}
		"HeroTaunt"
		{
			"Mode"		"-1"
		}
		"CameraSavedPosition5"
		{
			"Key"		"F3"
			"Mode"		"-1"
		}
		"SpectatorCameraSavedPosition5"
		{
			"Key"		"F3"
			"Modifier"		"None"
			"Mode"		"-1"
		}
		"CameraSavedPosition6"
		{
			"Mode"		"-1"
		}
		"SpectatorCameraSavedPosition6"
		{
			"Key"		"F3"
			"Modifier"		"ALT"
			"Mode"		"-1"
		}
		"CameraSavedPosition7"
		{
			"Mode"		"-1"
		}
		"SpectatorCameraSavedPosition7"
		{
			"Key"		"F4"
			"Modifier"		"None"
			"Mode"		"-1"
		}
		"CameraSavedPosition8"
		{
			"Mode"		"-1"
		}
		"SpectatorCameraSavedPosition8"
		{
			"Key"		"F4"
			"Modifier"		"ALT"
			"Mode"		"-1"
		}
		"SpectatorStatsItem"
		{
			"Key"		"F5"
			"Mode"		"-1"
		}
		"SpectatorStatsGold"
		{
			"Key"		"F6"
			"Mode"		"-1"
		}
		"SpectatorStatsXP"
		{
			"Key"		"F7"
			"Mode"		"-1"
		}
		"SpectatorStatsWinChance"
		{
			"Key"		"F8"
			"Mode"		"-1"
		}
		"SpectatorDropdown_Lasthits_Denies"
		{
			"Mode"		"-1"
		}
		"SpectatorCoach_ViewToggle"
		{
			"Mode"		"-1"
		}
		"CameraSavedPosition9"
		{
			"Mode"		"-1"
		}
		"SpectatorCameraSavedPosition9"
		{
			"Mode"		"-1"
		}
		"HeroPatrol"
		{
			"Mode"		"-1"
		}
		"FilterNonHero"
		{
			"Key"		"F19"
			"Modifier"		"ALT"
			"Mode"		"-1"
		}
		"FilterHero"
		{
			"Key"		"F19"
			"Mode"		"-1"
		}
		"AbilityPrimary1AutoCastAlternate"
		{
			"Mode"		"-1"
		}
		"AbilityPrimary3AutoCastAlternate"
		{
			"Mode"		"-1"
		}
		"AbilityUltimateAutoCastAlternate"
		{
			"Mode"		"-1"
		}
		"AbilityPrimary1QuickCast"
		{
			"Key"		"Q"
			"Mode"		"-1"
		}
		"AbilityPrimary1AutoCastAlternate2"
		{
			"Key"		"q"
			"Modifier"		"ALT"
			"Mode"		"-1"
		}
		"AbilityPrimary2QuickCast"
		{
			"Key"		"W"
			"Mode"		"-1"
		}
		"AbilityPrimary2AutoCastAlternate2"
		{
			"Key"		"w"
			"Modifier"		"ALT"
			"Mode"		"-1"
		}
		"AbilityPrimary3QuickCast"
		{
			"Key"		"E"
			"Mode"		"-1"
		}
		"AbilityPrimary3AutoCastAlternate2"
		{
			"Key"		"e"
			"Modifier"		"ALT"
			"Mode"		"-1"
		}
		"AbilitySecondary1QuickCast"
		{
			"Key"		"S"
			"Mode"		"-1"
		}
		"AbilitySecondary1AutoCastAlternate2"
		{
			"Key"		"s"
			"Modifier"		"ALT"
			"Mode"		"-1"
		}
		"AbilitySecondary2QuickCast"
		{
			"Key"		"D"
			"Mode"		"-1"
		}
		"AbilitySecondary2AutoCastAlternate2"
		{
			"Key"		"d"
			"Modifier"		"ALT"
			"Mode"		"-1"
		}
		"AbilityUltimateQuickCast"
		{
			"Key"		"R"
			"Mode"		"-1"
		}
		"AbilityUltimateAutoCastAlternate2"
		{
			"Key"		"r"
			"Modifier"		"ALT"
			"Mode"		"-1"
		}
		"Inventory1QuickCast"
		{
			"Key"		"Z"
			"Mode"		"-1"
		}
		"Inventory1QuickAutoCast"
		{
			"Key"		"z"
			"Modifier"		"ALT"
			"Mode"		"-1"
		}
		"Inventory2QuickCast"
		{
			"Key"		"X"
			"Mode"		"-1"
		}
		"Inventory2QuickAutoCast"
		{
			"Key"		"x"
			"Modifier"		"ALT"
			"Mode"		"-1"
		}
		"Inventory3QuickCast"
		{
			"Key"		"C"
			"Mode"		"-1"
		}
		"Inventory3QuickAutoCast"
		{
			"Key"		"c"
			"Modifier"		"ALT"
			"Mode"		"-1"
		}
		"Inventory4QuickCast"
		{
			"Key"		"Z"
			"Modifier"		"ALT"
			"Mode"		"-1"
		}
		"Inventory5QuickCast"
		{
			"Key"		"X"
			"Modifier"		"ALT"
			"Mode"		"-1"
		}
		"Inventory6QuickCast"
		{
			"Key"		"C"
			"Modifier"		"ALT"
			"Mode"		"-1"
		}
		"InventoryNeutralQuickCast"
		{
			"Mode"		"0"
			"Key"		"V"
		}
		"InventoryNeutralQuickAutoCast"
		{
			"Key"		"v"
			"Modifier"		"ALT"
			"Mode"		"-1"
		}
		"InventoryTPQuickCast"
		{
			"Mode"		"-1"
		}
		"InventoryTPQuickAutoCast"
		{
			"Mode"		"-1"
		}
		"Inventory4QuickAutoCast"
		{
			"Mode"		"-1"
		}
		"Inventory5QuickAutoCast"
		{
			"Mode"		"-1"
		}
		"Inventory6QuickAutoCast"
		{
			"Mode"		"-1"
		}
		"SpectatorDropdown_Gold"
		{
			"Mode"		"-1"
		}
		"SpectatorDropdown_Fantasy"
		{
			"Key"		"o"
			"Mode"		"-1"
		}
		"SpectatorDropdown_HeroFacet"
		{
			"Key"		"f"
			"Mode"		"-1"
		}
	}
	"AllowGuiKeyToBind"		"0"
	"Items"
	{
		"item_blink"
		{
			"Mode"		"2"
		}
		"item_overwhelming_blink"
		{
			"Mode"		"2"
		}
		"item_swift_blink"
		{
			"Mode"		"2"
		}
		"item_arcane_blink"
		{
			"Mode"		"2"
		}
		"item_quelling_blade"
		{
			"Mode"		"2"
		}
		"item_faerie_fire"
		{
			"Mode"		"1"
		}
		"item_moon_shard"
		{
			"Mode"		"2"
		}
		"item_branches"
		{
			"Mode"		"2"
		}
		"item_gem"
		{
			"Mode"		"2"
		}
		"item_magic_stick"
		{
			"Mode"		"1"
		}
		"item_magic_wand"
		{
			"Mode"		"1"
		}
		"item_ghost"
		{
			"Mode"		"1"
		}
		"item_clarity"
		{
			"Mode"		"1"
		}
		"item_enchanted_mango"
		{
			"Mode"		"2"
		}
		"item_blood_grenade"
		{
			"Mode"		"2"
		}
		"item_flask"
		{
			"Mode"		"2"
		}
		"item_dust"
		{
			"Mode"		"1"
		}
		"item_bottle"
		{
			"Mode"		"2"
		}
		"item_ward_dispenser"
		{
			"Mode"		"0"
		}
		"item_ward_observer"
		{
			"Mode"		"0"
		}
		"item_ward_sentry"
		{
			"Mode"		"0"
		}
		"item_tango"
		{
			"Mode"		"2"
		}
		"item_tpscroll"
		{
			"Mode"		"0"
		}
		"item_phase_boots"
		{
			"Mode"		"1"
		}
		"item_power_treads"
		{
			"Mode"		"1"
		}
		"item_hand_of_midas"
		{
			"Mode"		"2"
		}
		"item_mekansm"
		{
			"Mode"		"1"
		}
		"item_holy_locket"
		{
			"Mode"		"2"
		}
		"item_pipe"
		{
			"Mode"		"1"
		}
		"item_urn_of_shadows"
		{
			"Mode"		"2"
		}
		"item_sheepstick"
		{
			"Mode"		"2"
		}
		"item_orchid"
		{
			"Mode"		"2"
		}
		"item_bloodthorn"
		{
			"Mode"		"2"
		}
		"item_cyclone"
		{
			"Mode"		"2"
		}
		"item_wind_waker"
		{
			"Mode"		"2"
		}
		"item_force_staff"
		{
			"Mode"		"2"
		}
		"item_hurricane_pike"
		{
			"Mode"		"2"
		}
		"item_dagon"
		{
			"Mode"		"2"
		}
		"item_dagon_2"
		{
			"Mode"		"2"
		}
		"item_dagon_3"
		{
			"Mode"		"2"
		}
		"item_dagon_4"
		{
			"Mode"		"2"
		}
		"item_dagon_5"
		{
			"Mode"		"2"
		}
		"item_refresher"
		{
			"Mode"		"1"
		}
		"item_black_king_bar"
		{
			"Mode"		"1"
		}
		"item_shivas_guard"
		{
			"Mode"		"1"
		}
		"item_bloodstone"
		{
			"Mode"		"1"
		}
		"item_sphere"
		{
			"Mode"		"2"
		}
		"item_lotus_orb"
		{
			"Mode"		"2"
		}
		"item_meteor_hammer"
		{
			"Mode"		"2"
		}
		"item_nullifier"
		{
			"Mode"		"2"
		}
		"item_spirit_vessel"
		{
			"Mode"		"2"
		}
		"item_crimson_guard"
		{
			"Mode"		"1"
		}
		"item_blade_mail"
		{
			"Mode"		"1"
		}
		"item_bfury"
		{
			"Mode"		"2"
		}
		"item_manta"
		{
			"Mode"		"2"
		}
		"item_invis_sword"
		{
			"Mode"		"2"
		}
		"item_silver_edge"
		{
			"Mode"		"1"
		}
		"item_satanic"
		{
			"Mode"		"2"
		}
		"item_mjollnir"
		{
			"Mode"		"2"
		}
		"item_helm_of_the_dominator"
		{
			"Mode"		"2"
		}
		"item_helm_of_the_overlord"
		{
			"Mode"		"2"
		}
		"item_gungir"
		{
			"Mode"		"2"
		}
		"item_mask_of_madness"
		{
			"Mode"		"2"
		}
		"item_diffusal_blade"
		{
			"Mode"		"2"
		}
		"item_disperser"
		{
			"Mode"		"2"
		}
		"item_ethereal_blade"
		{
			"Mode"		"2"
		}
		"item_soul_ring"
		{
			"Mode"		"1"
		}
		"item_arcane_boots"
		{
			"Mode"		"1"
		}
		"item_ancient_janggo"
		{
			"Mode"		"1"
		}
		"item_boots_of_bearing"
		{
			"Mode"		"1"
		}
		"item_solar_crest"
		{
			"Mode"		"2"
		}
		"item_pavise"
		{
			"Mode"		"2"
		}
		"item_smoke_of_deceit"
		{
			"Mode"		"1"
		}
		"item_veil_of_discord"
		{
			"Mode"		"1"
		}
		"item_guardian_greaves"
		{
			"Mode"		"1"
		}
		"item_rod_of_atos"
		{
			"Mode"		"2"
		}
		"item_iron_talon"
		{
			"Mode"		"2"
		}
		"item_abyssal_blade"
		{
			"Mode"		"2"
		}
		"item_heavens_halberd"
		{
			"Mode"		"2"
		}
		"item_shadow_amulet"
		{
			"Mode"		"2"
		}
		"item_glimmer_cape"
		{
			"Mode"		"2"
		}
		"item_spider_legs"
		{
			"Mode"		"1"
		}
		"item_trusty_shovel"
		{
			"Mode"		"2"
		}
		"item_essence_ring"
		{
			"Mode"		"1"
		}
		"item_ninja_gear"
		{
			"Mode"		"1"
		}
		"item_demonicon"
		{
			"Mode"		"2"
		}
		"item_fallen_sky"
		{
			"Mode"		"2"
		}
		"item_minotaur_horn"
		{
			"Mode"		"1"
		}
		"item_unstable_wand"
		{
			"Mode"		"1"
		}
		"item_pogo_stick"
		{
			"Mode"		"1"
		}
		"item_ogre_seal_totem"
		{
			"Mode"		"1"
		}
		"item_harpoon"
		{
			"Mode"		"2"
		}
		"item_mana_draught"
		{
			"Mode"		"2"
		}
		"item_rippers_lash"
		{
			"Mode"		"2"
		}
		"item_crippling_crossbow"
		{
			"Mode"		"2"
		}
		"item_gale_guard"
		{
			"Mode"		"1"
		}
		"item_polliwog_charm"
		{
			"Mode"		"2"
		}
		"item_pyrrhic_cloak"
		{
			"Mode"		"2"
		}
		"item_psychic_headband"
		{
			"Mode"		"2"
		}
		"item_kobold_cup"
		{
			"Mode"		"2"
		}
		"item_jidi_pollen_bag"
		{
			"Mode"		"2"
		}
		"item_outworld_staff"
		{
			"Mode"		"2"
		}
	}
	"PerUnitKeybinds"		"1"
}
